<?xml version="1.0" encoding="UTF-8"?>
<testsuites name="Mocha Tests" time="0.04300000000000001" tests="66" failures="0">
  <testsuite name="Root Suite" timestamp="2018-08-28T17:24:55" tests="0" failures="0" time="0">
  </testsuite>
  <testsuite name="The babel-loader-rule" timestamp="2018-08-28T17:24:55" tests="0" file="/home/jenkins/workspace/folio-org/stripes-core/master/project/test/webpack/babel-loader-rule.spec.js" failures="0" time="0">
  </testsuite>
  <testsuite name="test condition function" timestamp="2018-08-28T17:24:55" tests="5" file="/home/jenkins/workspace/folio-org/stripes-core/master/project/test/webpack/babel-loader-rule.spec.js" failures="0" time="0.001">
    <testcase name="The babel-loader-rule test condition function selects files for @folio scoped node_modules" time="0.001" classname="selects files for @folio scoped node_modules">
    </testcase>
    <testcase name="The babel-loader-rule test condition function does not select node_modules files outside of @folio scope" time="0" classname="does not select node_modules files outside of @folio scope">
    </testcase>
    <testcase name="The babel-loader-rule test condition function only selects .js file extensions" time="0" classname="only selects .js file extensions">
    </testcase>
    <testcase name="The babel-loader-rule test condition function selects files outside of both @folio scope and node_modules" time="0" classname="selects files outside of both @folio scope and node_modules">
    </testcase>
    <testcase name="The babel-loader-rule test condition function does not select excluded modules" time="0" classname="does not select excluded modules">
    </testcase>
  </testsuite>
  <testsuite name="The stripes-branding-plugin" timestamp="2018-08-28T17:24:55" tests="0" file="/home/jenkins/workspace/folio-org/stripes-core/master/project/test/webpack/stripes-branding-plugin.spec.js" failures="0" time="0">
  </testsuite>
  <testsuite name="constructor" timestamp="2018-08-28T17:24:55" tests="2" file="/home/jenkins/workspace/folio-org/stripes-core/master/project/test/webpack/stripes-branding-plugin.spec.js" failures="0" time="0.002">
    <testcase name="The stripes-branding-plugin constructor uses default branding" time="0.002" classname="uses default branding">
    </testcase>
    <testcase name="The stripes-branding-plugin constructor accepts tenant branding" time="0" classname="accepts tenant branding">
    </testcase>
  </testsuite>
  <testsuite name="apply method" timestamp="2018-08-28T17:24:55" tests="1" file="/home/jenkins/workspace/folio-org/stripes-core/master/project/test/webpack/stripes-branding-plugin.spec.js" failures="0" time="0.004">
    <testcase name="The stripes-branding-plugin apply method applies the FaviconsWebpackPlugin" time="0.004" classname="applies the FaviconsWebpackPlugin">
    </testcase>
  </testsuite>
  <testsuite name="_getFaviconOptions method" timestamp="2018-08-28T17:24:55" tests="2" file="/home/jenkins/workspace/folio-org/stripes-core/master/project/test/webpack/stripes-branding-plugin.spec.js" failures="0" time="0.002">
    <testcase name="The stripes-branding-plugin _getFaviconOptions method enables all favicons when &quot;buildAllFavicons&quot; is true" time="0.001" classname="enables all favicons when &quot;buildAllFavicons&quot; is true">
    </testcase>
    <testcase name="The stripes-branding-plugin _getFaviconOptions method enables only standard favicons when &quot;buildAllFavicons&quot; is false" time="0.001" classname="enables only standard favicons when &quot;buildAllFavicons&quot; is false">
    </testcase>
  </testsuite>
  <testsuite name="_initFavicon method" timestamp="2018-08-28T17:24:55" tests="2" file="/home/jenkins/workspace/folio-org/stripes-core/master/project/test/webpack/stripes-branding-plugin.spec.js" failures="0" time="0">
    <testcase name="The stripes-branding-plugin _initFavicon method returns an absolute file path without @folio/stripes-core for default favicon" time="0" classname="returns an absolute file path without @folio/stripes-core for default favicon">
    </testcase>
    <testcase name="The stripes-branding-plugin _initFavicon method returns an absolute file path for tenant favicon" time="0" classname="returns an absolute file path for tenant favicon">
    </testcase>
  </testsuite>
  <testsuite name="The stripes-config-plugin" timestamp="2018-08-28T17:24:55" tests="0" file="/home/jenkins/workspace/folio-org/stripes-core/master/project/test/webpack/stripes-config-plugin.spec.js" failures="0" time="0">
  </testsuite>
  <testsuite name="constructor" timestamp="2018-08-28T17:24:55" tests="2" file="/home/jenkins/workspace/folio-org/stripes-core/master/project/test/webpack/stripes-config-plugin.spec.js" failures="0" time="0.001">
    <testcase name="The stripes-config-plugin constructor throws StripesBuildError when missing modules config" time="0" classname="throws StripesBuildError when missing modules config">
    </testcase>
    <testcase name="The stripes-config-plugin constructor omits branding config (handled by its own plugin)" time="0.001" classname="omits branding config (handled by its own plugin)">
    </testcase>
  </testsuite>
  <testsuite name="apply method" timestamp="2018-08-28T17:24:55" tests="2" file="/home/jenkins/workspace/folio-org/stripes-core/master/project/test/webpack/stripes-config-plugin.spec.js" failures="0" time="0.001">
    <testcase name="The stripes-config-plugin apply method applies a virtual module" time="0.001" classname="applies a virtual module">
    </testcase>
    <testcase name="The stripes-config-plugin apply method registers the &quot;after-plugins&quot; hook" time="0" classname="registers the &quot;after-plugins&quot; hook">
    </testcase>
  </testsuite>
  <testsuite name="afterPlugins method" timestamp="2018-08-28T17:24:55" tests="2" file="/home/jenkins/workspace/folio-org/stripes-core/master/project/test/webpack/stripes-config-plugin.spec.js" failures="0" time="0.003">
    <testcase name="The stripes-config-plugin afterPlugins method calls virtualModule.writeModule()" time="0.002" classname="calls virtualModule.writeModule()">
    </testcase>
    <testcase name="The stripes-config-plugin afterPlugins method writes serialized config to virtual module" time="0.001" classname="writes serialized config to virtual module">
    </testcase>
  </testsuite>
  <testsuite name="processWarnings method" timestamp="2018-08-28T17:24:55" tests="2" file="/home/jenkins/workspace/folio-org/stripes-core/master/project/test/webpack/stripes-config-plugin.spec.js" failures="0" time="0.001">
    <testcase name="The stripes-config-plugin processWarnings method assigns warnings to the Webpack compilation" time="0.001" classname="assigns warnings to the Webpack compilation">
    </testcase>
    <testcase name="The stripes-config-plugin processWarnings method does not assign warnings when not present" time="0" classname="does not assign warnings when not present">
    </testcase>
  </testsuite>
  <testsuite name="The stripes-module-parser" timestamp="2018-08-28T17:24:55" tests="0" file="/home/jenkins/workspace/folio-org/stripes-core/master/project/test/webpack/stripes-module-parser.spec.js" failures="0" time="0">
  </testsuite>
  <testsuite name="loadPackageJson method" timestamp="2018-08-28T17:24:55" tests="1" file="/home/jenkins/workspace/folio-org/stripes-core/master/project/test/webpack/stripes-module-parser.spec.js" failures="0" time="0.001">
    <testcase name="The stripes-module-parser loadPackageJson method throws StripesBuildError when package.json is missing" time="0.001" classname="throws StripesBuildError when package.json is missing">
    </testcase>
  </testsuite>
  <testsuite name="parsing methods" timestamp="2018-08-28T17:24:55" tests="0" file="/home/jenkins/workspace/folio-org/stripes-core/master/project/test/webpack/stripes-module-parser.spec.js" failures="0" time="0">
  </testsuite>
  <testsuite name="parseStripesConfig" timestamp="2018-08-28T17:24:55" tests="5" file="/home/jenkins/workspace/folio-org/stripes-core/master/project/test/webpack/stripes-module-parser.spec.js" failures="0" time="0.003">
    <testcase name="The stripes-module-parser parsing methods parseStripesConfig throws StripesBuildError when stripes is missing" time="0" classname="throws StripesBuildError when stripes is missing">
    </testcase>
    <testcase name="The stripes-module-parser parsing methods parseStripesConfig throws StripesBuildError when stripes.type is missing" time="0.001" classname="throws StripesBuildError when stripes.type is missing">
    </testcase>
    <testcase name="The stripes-module-parser parsing methods parseStripesConfig returns a parsed config" time="0.001" classname="returns a parsed config">
    </testcase>
    <testcase name="The stripes-module-parser parsing methods parseStripesConfig applies overrides from tenant config" time="0.001" classname="applies overrides from tenant config">
    </testcase>
    <testcase name="The stripes-module-parser parsing methods parseStripesConfig assigns getModule function" time="0" classname="assigns getModule function">
    </testcase>
  </testsuite>
  <testsuite name="parseStripesMetadata" timestamp="2018-08-28T17:24:55" tests="1" file="/home/jenkins/workspace/folio-org/stripes-core/master/project/test/webpack/stripes-module-parser.spec.js" failures="0" time="0.001">
    <testcase name="The stripes-module-parser parsing methods parseStripesMetadata returns metadata" time="0.001" classname="returns metadata">
    </testcase>
  </testsuite>
  <testsuite name="getIconMetadata" timestamp="2018-08-28T17:24:55" tests="4" file="/home/jenkins/workspace/folio-org/stripes-core/master/project/test/webpack/stripes-module-parser.spec.js" failures="0" time="0.001">
    <testcase name="The stripes-module-parser parsing methods getIconMetadata returns icon data by name" time="0" classname="returns icon data by name">
    </testcase>
    <testcase name="The stripes-module-parser parsing methods getIconMetadata warns when icons are missing" time="0" classname="warns when icons are missing">
    </testcase>
    <testcase name="The stripes-module-parser parsing methods getIconMetadata uses icon.fileName for building file paths" time="0.001" classname="uses icon.fileName for building file paths">
    </testcase>
    <testcase name="The stripes-module-parser parsing methods getIconMetadata falls back to icon.name when icon.fileName is not specified" time="0" classname="falls back to icon.name when icon.fileName is not specified">
    </testcase>
  </testsuite>
  <testsuite name="buildIconFilePaths" timestamp="2018-08-28T17:24:55" tests="4" file="/home/jenkins/workspace/folio-org/stripes-core/master/project/test/webpack/stripes-module-parser.spec.js" failures="0" time="0.002">
    <testcase name="The stripes-module-parser parsing methods buildIconFilePaths returns all file variants (high/low)" time="0.001" classname="returns all file variants (high/low)">
    </testcase>
    <testcase name="The stripes-module-parser parsing methods buildIconFilePaths returns default icon src" time="0.001" classname="returns default icon src">
    </testcase>
    <testcase name="The stripes-module-parser parsing methods buildIconFilePaths does not return paths for missing icons" time="0" classname="does not return paths for missing icons">
    </testcase>
    <testcase name="The stripes-module-parser parsing methods buildIconFilePaths warns for missing icons variants" time="0" classname="warns for missing icons variants">
    </testcase>
  </testsuite>
  <testsuite name="getWelcomePageEntries" timestamp="2018-08-28T17:24:55" tests="2" file="/home/jenkins/workspace/folio-org/stripes-core/master/project/test/webpack/stripes-module-parser.spec.js" failures="0" time="0">
    <testcase name="The stripes-module-parser parsing methods getWelcomePageEntries returns array of welcomePageEntries" time="0" classname="returns array of welcomePageEntries">
    </testcase>
    <testcase name="The stripes-module-parser parsing methods getWelcomePageEntries warns when a missing icon is referenced" time="0" classname="warns when a missing icon is referenced">
    </testcase>
  </testsuite>
  <testsuite name="parseAllModules function" timestamp="2018-08-28T17:24:55" tests="4" file="/home/jenkins/workspace/folio-org/stripes-core/master/project/test/webpack/stripes-module-parser.spec.js" failures="0" time="0.005">
    <testcase name="parseAllModules function returns config and metadata collections" time="0.002" classname="returns config and metadata collections">
    </testcase>
    <testcase name="parseAllModules function returns config grouped by stripes type" time="0.001" classname="returns config grouped by stripes type">
    </testcase>
    <testcase name="parseAllModules function returns metadata for each module" time="0.001" classname="returns metadata for each module">
    </testcase>
    <testcase name="parseAllModules function returns warnings for each module" time="0.001" classname="returns warnings for each module">
    </testcase>
  </testsuite>
  <testsuite name="The stripes-serialize module" timestamp="2018-08-28T17:24:55" tests="0" file="/home/jenkins/workspace/folio-org/stripes-core/master/project/test/webpack/stripes-serialize.spec.js" failures="0" time="0">
  </testsuite>
  <testsuite name="serializeWithRequire function" timestamp="2018-08-28T17:24:55" tests="4" file="/home/jenkins/workspace/folio-org/stripes-core/master/project/test/webpack/stripes-serialize.spec.js" failures="0" time="0">
    <testcase name="The stripes-serialize module serializeWithRequire function maintains absolute src paths" time="0" classname="maintains absolute src paths">
    </testcase>
    <testcase name="The stripes-serialize module serializeWithRequire function updates custom src paths" time="0" classname="updates custom src paths">
    </testcase>
    <testcase name="The stripes-serialize module serializeWithRequire function wraps src values in require()" time="0" classname="wraps src values in require()">
    </testcase>
    <testcase name="The stripes-serialize module serializeWithRequire function does not wrap non-src values in require()" time="0" classname="does not wrap non-src values in require()">
    </testcase>
  </testsuite>
  <testsuite name="The stripes-translations-plugin" timestamp="2018-08-28T17:24:55" tests="0" file="/home/jenkins/workspace/folio-org/stripes-core/master/project/test/webpack/stripes-translations-plugin.spec.js" failures="0" time="0">
  </testsuite>
  <testsuite name="constructor" timestamp="2018-08-28T17:24:55" tests="2" file="/home/jenkins/workspace/folio-org/stripes-core/master/project/test/webpack/stripes-translations-plugin.spec.js" failures="0" time="0">
    <testcase name="The stripes-translations-plugin constructor includes stripes-core with modules for translation" time="0" classname="includes stripes-core with modules for translation">
    </testcase>
    <testcase name="The stripes-translations-plugin constructor assigns language filter" time="0" classname="assigns language filter">
    </testcase>
  </testsuite>
  <testsuite name="apply method" timestamp="2018-08-28T17:24:55" tests="3" file="/home/jenkins/workspace/folio-org/stripes-core/master/project/test/webpack/stripes-translations-plugin.spec.js" failures="0" time="0.01">
    <testcase name="The stripes-translations-plugin apply method registers the &quot;emit&quot; hook" time="0.004" classname="registers the &quot;emit&quot; hook">
    </testcase>
    <testcase name="The stripes-translations-plugin apply method generates an emit function with all translations" time="0.003" classname="generates an emit function with all translations">
    </testcase>
    <testcase name="The stripes-translations-plugin apply method applies ContextReplacementPlugins when language filters are set" time="0.003" classname="applies ContextReplacementPlugins when language filters are set">
    </testcase>
  </testsuite>
  <testsuite name="gatherAllTranslations method" timestamp="2018-08-28T17:24:55" tests="2" file="/home/jenkins/workspace/folio-org/stripes-core/master/project/test/webpack/stripes-translations-plugin.spec.js" failures="0" time="0.002">
    <testcase name="The stripes-translations-plugin gatherAllTranslations method uses the translation directory when it exists" time="0.001" classname="uses the translation directory when it exists">
    </testcase>
    <testcase name="The stripes-translations-plugin gatherAllTranslations method uses package.json when translations directory does not exist" time="0.001" classname="uses package.json when translations directory does not exist">
    </testcase>
  </testsuite>
  <testsuite name="loadTranslationsDirectory method" timestamp="2018-08-28T17:24:55" tests="2" file="/home/jenkins/workspace/folio-org/stripes-core/master/project/test/webpack/stripes-translations-plugin.spec.js" failures="0" time="0">
    <testcase name="The stripes-translations-plugin loadTranslationsDirectory method loads all translations from the translation directory" time="0" classname="loads all translations from the translation directory">
    </testcase>
    <testcase name="The stripes-translations-plugin loadTranslationsDirectory method loads only filtered translations from the translation directory" time="0" classname="loads only filtered translations from the translation directory">
    </testcase>
  </testsuite>
  <testsuite name="loadTranslationsPackageJson method" timestamp="2018-08-28T17:24:55" tests="2" file="/home/jenkins/workspace/folio-org/stripes-core/master/project/test/webpack/stripes-translations-plugin.spec.js" failures="0" time="0">
    <testcase name="The stripes-translations-plugin loadTranslationsPackageJson method loads all translations from package.json" time="0" classname="loads all translations from package.json">
    </testcase>
    <testcase name="The stripes-translations-plugin loadTranslationsPackageJson method loads only filtered translations from package.json" time="0" classname="loads only filtered translations from package.json">
    </testcase>
  </testsuite>
  <testsuite name="getModuleName method" timestamp="2018-08-28T17:24:55" tests="2" file="/home/jenkins/workspace/folio-org/stripes-core/master/project/test/webpack/stripes-translations-plugin.spec.js" failures="0" time="0">
    <testcase name="The stripes-translations-plugin getModuleName method applies &quot;ui-&quot; prefix to module keys" time="0" classname="applies &quot;ui-&quot; prefix to module keys">
    </testcase>
    <testcase name="The stripes-translations-plugin getModuleName method does not apply &quot;ui-&quot; prefix to stripes-core keys" time="0" classname="does not apply &quot;ui-&quot; prefix to stripes-core keys">
    </testcase>
  </testsuite>
  <testsuite name="prefixModuleKeys method" timestamp="2018-08-28T17:24:55" tests="2" file="/home/jenkins/workspace/folio-org/stripes-core/master/project/test/webpack/stripes-translations-plugin.spec.js" failures="0" time="0.001">
    <testcase name="The stripes-translations-plugin prefixModuleKeys method applies &quot;ui-&quot; prefix to module keys" time="0" classname="applies &quot;ui-&quot; prefix to module keys">
    </testcase>
    <testcase name="The stripes-translations-plugin prefixModuleKeys method does not apply &quot;ui-&quot; prefix to stripes-core keys" time="0.001" classname="does not apply &quot;ui-&quot; prefix to stripes-core keys">
    </testcase>
  </testsuite>
  <testsuite name="generateFileNames method" timestamp="2018-08-28T17:24:55" tests="2" file="/home/jenkins/workspace/folio-org/stripes-core/master/project/test/webpack/stripes-translations-plugin.spec.js" failures="0" time="0.001">
    <testcase name="The stripes-translations-plugin generateFileNames method returns paths for emit hook and browser fetch" time="0" classname="returns paths for emit hook and browser fetch">
    </testcase>
    <testcase name="The stripes-translations-plugin generateFileNames method applies publicPath" time="0.001" classname="applies publicPath">
    </testcase>
  </testsuite>
  <testsuite name="The stripes-webpack-plugin" timestamp="2018-08-28T17:24:55" tests="0" file="/home/jenkins/workspace/folio-org/stripes-core/master/project/test/webpack/stripes-webpack-plugin.spec.js" failures="0" time="0">
  </testsuite>
  <testsuite name="apply method" timestamp="2018-08-28T17:24:55" tests="4" file="/home/jenkins/workspace/folio-org/stripes-core/master/project/test/webpack/stripes-webpack-plugin.spec.js" failures="0" time="0.001">
    <testcase name="The stripes-webpack-plugin apply method applies StripesConfigPlugin" time="0" classname="applies StripesConfigPlugin">
    </testcase>
    <testcase name="The stripes-webpack-plugin apply method applies StripesBrandingPlugin" time="0" classname="applies StripesBrandingPlugin">
    </testcase>
    <testcase name="The stripes-webpack-plugin apply method applies StripesTranslationsPlugin" time="0.001" classname="applies StripesTranslationsPlugin">
    </testcase>
    <testcase name="The stripes-webpack-plugin apply method applies StripesDuplicatesPlugin" time="0" classname="applies StripesDuplicatesPlugin">
    </testcase>
  </testsuite>
</testsuites>